=========== Before Setup Start ===========
Chip Info:
------------------------------------------
  Model             : ESP32-C3
  Package           : 0
  Revision          : 0.03
  Cores             : 1
  CPU Frequency     : 160 MHz
  XTAL Frequency    : 40 MHz
  Features Bitfield : 0x00000012
  Embedded Flash    : No
  Embedded PSRAM    : No
  2.4GHz WiFi       : Yes
  Classic BT        : No
  BT Low Energy     : Yes
  IEEE 802.15.4     : No
------------------------------------------
INTERNAL Memory Info:
------------------------------------------
  Total Size        :   308872 B ( 301.6 KB)
  Free Bytes        :   283432 B ( 276.8 KB)
  Allocated Bytes   :    21568 B (  21.1 KB)
  Minimum Free Bytes:   278452 B ( 271.9 KB)
  Largest Free Block:   139252 B ( 136.0 KB)
------------------------------------------
Flash Info:
------------------------------------------
  Chip Size         :  4194304 B (4 MB)
  Block Size        :    65536 B (  64.0 KB)
  Sector Size       :     4096 B (   4.0 KB)
  Page Size         :      256 B (   0.2 KB)
  Bus Speed         : 80 MHz
  Bus Mode          : QIO
------------------------------------------
Partitions Info:
------------------------------------------
                nvs : addr: 0x00009000, size:    20.0 KB, type: DATA, subtype: NVS
            otadata : addr: 0x0000E000, size:     8.0 KB, type: DATA, subtype: OTA
               app0 : addr: 0x00010000, size:  1280.0 KB, type:  APP, subtype: OTA_0
               app1 : addr: 0x00150000, size:  1280.0 KB, type:  APP, subtype: OTA_1
             spiffs : addr: 0x00290000, size:  1408.0 KB, type: DATA, subtype: SPIFFS
           coredump : addr: 0x003F0000, size:    64.0 KB, type: DATA, subtype: COREDUMP
------------------------------------------
Software Info:
------------------------------------------
  Compile Date/Time : Oct 16 2024 19:08:24
  Compile Host OS   : macosx
  ESP-IDF Version   : v5.1.4-828-g33fbade6b8-dirty
  Arduino Version   : 3.0.5
------------------------------------------
Board Info:
------------------------------------------
  Arduino Board     : XIAO_ESP32C3
  Arduino Variant   : XIAO_ESP32C3
  Arduino FQBN      : esp32:esp32:XIAO_ESP32C3:CDCOnBoot=default,PartitionScheme=default,CPUFreq=160,FlashMode=qio,FlashFreq=80,FlashSize=4M,UploadSpeed=115200,DebugLevel=verbose,EraseFlash=none
============ Before Setup End ============
[   509][I][you-seven-pro-24-investigation.ino:31] setup(): [you-seven-pro-24-investigation] First WiFI connect at setup.
[  5518][V][NetworkEvents.cpp:119] checkForEvent(): Network Event: 9 - WIFI_READY
[  5556][V][STA.cpp:184] _onStaEvent(): STA Started
[  5556][V][NetworkEvents.cpp:119] checkForEvent(): Network Event: 11 - STA_START
[  5557][V][STA.cpp:110] _onStaArduinoEvent(): Arduino STA Event: 11 - STA_START
[  5619][V][STA.cpp:214] _onStaEvent(): STA Disconnected: SSID: myiotSSID, BSSID: b2:8b:a9:31:47:fa, Reason: 202
[  5619][V][NetworkEvents.cpp:119] checkForEvent(): Network Event: 14 - STA_DISCONNECTED
[  5620][V][STA.cpp:110] _onStaArduinoEvent(): Arduino STA Event: 14 - STA_DISCONNECTED
[  5620][W][STA.cpp:135] _onStaArduinoEvent(): Reason: 202 - AUTH_FAIL
[  5621][D][STA.cpp:153] _onStaArduinoEvent(): WiFi Reconnect Running
[  5621][W][STA.cpp:537] disconnect(): STA already disconnected.
[  5703][V][STA.cpp:214] _onStaEvent(): STA Disconnected: SSID: myiotSSID, BSSID: b2:8b:a9:31:47:fa, Reason: 202
[  5704][V][NetworkEvents.cpp:119] checkForEvent(): Network Event: 14 - STA_DISCONNECTED
[  5704][V][STA.cpp:110] _onStaArduinoEvent(): Arduino STA Event: 14 - STA_DISCONNECTED
[  5705][W][STA.cpp:135] _onStaArduinoEvent(): Reason: 202 - AUTH_FAIL
[ 10559][I][you-seven-pro-24-investigation.ino:24] connectWifi(): [you-seven-pro-24-investigation] WiFi connecting.
[ 15559][I][you-seven-pro-24-investigation.ino:24] connectWifi(): [you-seven-pro-24-investigation] WiFi connecting.
